\BOOKMARK [0][]{chapter.1}{\376\377\147\201\226\120\116\016\217\336\176\355}{}% 1
\BOOKMARK [1][]{section.1.1}{\376\377\147\201\226\120\166\204\151\202\137\365\116\016\140\047\215\050}{chapter.1}% 2
\BOOKMARK [2][]{subsection.1.1.1}{\376\377\145\160\122\027\147\201\226\120}{section.1.1}% 3
\BOOKMARK [2][]{subsection.1.1.2}{\376\377\121\375\145\160\147\201\226\120}{section.1.1}% 4
\BOOKMARK [1][]{section.1.2}{\376\377\147\201\226\120\166\204\213\241\173\227\145\271\154\325}{chapter.1}% 5
\BOOKMARK [2][]{subsection.1.2.1}{\376\377\127\372\147\054\145\271\154\325}{section.1.2}% 6
\BOOKMARK [2][]{subsection.1.2.2}{\376\377\155\033\137\305\217\276\154\325\122\031}{section.1.2}% 7
\BOOKMARK [1][]{section.1.3}{\376\377\217\336\176\355\116\016\225\364\145\255}{chapter.1}% 8
\BOOKMARK [2][]{subsection.1.3.1}{\376\377\217\336\176\355\166\204\133\232\116\111}{section.1.3}% 9
\BOOKMARK [2][]{subsection.1.3.2}{\376\377\225\364\145\255\160\271\174\173\127\213}{section.1.3}% 10
\BOOKMARK [1][]{section.1.4}{\376\377\147\054\172\340\116\140\230\230}{chapter.1}% 11
\BOOKMARK [1][]{section.1.5}{\376\377\147\054\172\340\140\073\176\323}{chapter.1}% 12
\BOOKMARK [0][]{chapter.2}{\376\377\173\054\116\214\172\340\377\032\122\237\200\375\155\113\213\325\172\340\202\202}{}% 13
\BOOKMARK [1][]{section.2.1}{\376\377\145\207\147\054\116\016\127\372\170\100\150\074\137\017\155\113\213\325}{chapter.2}% 14
\BOOKMARK [1][]{section.2.2}{\376\377\122\027\210\150\122\237\200\375\155\113\213\325}{chapter.2}% 15
\BOOKMARK [2][]{subsection.2.2.1}{\376\377\145\340\136\217\122\027\210\150}{section.2.2}% 16
\BOOKMARK [2][]{subsection.2.2.2}{\376\377\147\011\136\217\122\027\210\150}{section.2.2}% 17
\BOOKMARK [1][]{section.2.3}{\376\377\121\154\137\017\122\237\200\375\155\113\213\325}{chapter.2}% 18
\BOOKMARK [2][]{subsection.2.3.1}{\376\377\210\114\121\205\121\154\137\017}{section.2.3}% 19
\BOOKMARK [2][]{subsection.2.3.2}{\376\377\123\125\210\114\177\026\123\367\121\154\137\017}{section.2.3}% 20
\BOOKMARK [2][]{subsection.2.3.3}{\376\377\131\032\210\114\121\154\137\017}{section.2.3}% 21
\BOOKMARK [1][]{section.2.4}{\376\377\210\150\150\074\122\237\200\375\155\113\213\325}{chapter.2}% 22
\BOOKMARK [1][]{section.2.5}{\376\377\126\376\162\107\122\237\200\375\155\113\213\325}{chapter.2}% 23
\BOOKMARK [1][]{section.2.6}{\376\377\116\343\170\001\127\127\122\237\200\375\155\113\213\325}{chapter.2}% 24
\BOOKMARK [1][]{section.2.7}{\376\377\116\244\123\311\137\025\165\050\176\374\124\010\155\113\213\325}{chapter.2}% 25
\BOOKMARK [1][]{section.2.8}{\376\377\155\156\122\250\117\123\117\115\177\156\155\113\213\325}{chapter.2}% 26
